2026-03-12 08:19:15 | INFO    | Starting diagnostic routine V9 on LINUX (fedora).
2026-03-12 08:19:15 | INFO    | --- [ICMP] Probing api.x.ai ---
2026-03-12 08:19:16 | INFO    | [api.x.ai] [ICMP] 1500 byte packet succeeded immediately.
2026-03-12 08:19:17 | INFO    | --- [UDP] Probing api.x.ai ---
2026-03-12 08:19:17 | INFO    | [api.x.ai] [UDP] Sniffing for PTB on 1500 byte probe...
2026-03-12 08:19:19 | INFO    | [api.x.ai] [UDP] No PTB seen. Packet likely reached target.
2026-03-12 08:19:20 | INFO    | --- [TCP] Probing api.x.ai ---
2026-03-12 08:19:20 | INFO    | [api.x.ai] [TCP] Success: MSS 1348, MTU 1500 (Exact: True)
2026-03-12 08:19:21 | INFO    | --- [ICMP] Probing huggingface.co ---
2026-03-12 08:19:22 | WARNING | [huggingface.co] [ICMP] 1500 byte dropped. Calculating ceiling...
2026-03-12 08:19:22 | INFO    | [huggingface.co] [ICMP] Sniffing for PTB messages...
2026-03-12 08:19:26 | CRITICAL | [huggingface.co] [ICMP] FORENSIC: No PTB seen on wire.
2026-03-12 08:19:30 | WARNING | [huggingface.co] [ICMP] Max size calculated at 1400 bytes.
2026-03-12 08:19:31 | INFO    | --- [UDP] Probing huggingface.co ---
2026-03-12 08:19:31 | INFO    | [huggingface.co] [UDP] Sniffing for PTB on 1500 byte probe...
2026-03-12 08:19:33 | INFO    | [huggingface.co] [UDP] No PTB seen. Packet likely reached target.
2026-03-12 08:19:34 | INFO    | --- [TCP] Probing huggingface.co ---
2026-03-12 08:19:34 | INFO    | [huggingface.co] [TCP] Success: MSS 1328, MTU 1500 (Exact: True)
2026-03-12 08:19:35 | INFO    | --- [ICMP] Probing cloud.google.com ---
2026-03-12 08:19:35 | INFO    | [cloud.google.com] [ICMP] 1500 byte packet succeeded immediately.
2026-03-12 08:19:36 | INFO    | --- [UDP] Probing cloud.google.com ---
2026-03-12 08:19:36 | INFO    | [cloud.google.com] [UDP] Sniffing for PTB on 1500 byte probe...
2026-03-12 08:19:39 | INFO    | [cloud.google.com] [UDP] No PTB seen. Packet likely reached target.
2026-03-12 08:19:40 | INFO    | --- [TCP] Probing cloud.google.com ---
2026-03-12 08:19:40 | INFO    | [cloud.google.com] [TCP] Success: MSS 1428, MTU 1500 (Exact: True)
2026-03-12 08:19:41 | INFO    | --- [ICMP] Probing aws.amazon.com ---
2026-03-12 08:19:42 | WARNING | [aws.amazon.com] [ICMP] 1500 byte dropped. Calculating ceiling...
2026-03-12 08:19:42 | INFO    | [aws.amazon.com] [ICMP] Sniffing for PTB messages...
2026-03-12 08:19:45 | CRITICAL | [aws.amazon.com] [ICMP] FORENSIC: No PTB seen on wire.
2026-03-12 08:19:50 | WARNING | [aws.amazon.com] [ICMP] Max size calculated at 1400 bytes.
2026-03-12 08:19:51 | INFO    | --- [UDP] Probing aws.amazon.com ---
2026-03-12 08:19:51 | INFO    | [aws.amazon.com] [UDP] Sniffing for PTB on 1500 byte probe...
2026-03-12 08:19:53 | INFO    | [aws.amazon.com] [UDP] No PTB seen. Packet likely reached target.
2026-03-12 08:19:54 | INFO    | --- [TCP] Probing aws.amazon.com ---
2026-03-12 08:19:54 | INFO    | [aws.amazon.com] [TCP] Success: MSS 1328, MTU 1500 (Exact: True)
2026-03-12 08:19:55 | INFO    | --- [ICMP] Probing registry-1.docker.io ---
2026-03-12 08:19:56 | ERROR   | [registry-1.docker.io] [ICMP] Baseline 1280 dropped.
2026-03-12 08:19:57 | INFO    | --- [UDP] Probing registry-1.docker.io ---
2026-03-12 08:19:57 | INFO    | [registry-1.docker.io] [UDP] Sniffing for PTB on 1500 byte probe...
2026-03-12 08:20:00 | INFO    | [registry-1.docker.io] [UDP] No PTB seen. Packet likely reached target.
2026-03-12 08:20:01 | INFO    | --- [TCP] Probing registry-1.docker.io ---
2026-03-12 08:20:01 | INFO    | [registry-1.docker.io] [TCP] Success: MSS 1428, MTU 1500 (Exact: True)
2026-03-12 08:20:02 | INFO    | --- [ICMP] Probing ipv6.he.net ---
2026-03-12 08:20:02 | INFO    | [ipv6.he.net] [ICMP] 1500 byte packet succeeded immediately.
2026-03-12 08:20:03 | INFO    | --- [UDP] Probing ipv6.he.net ---
2026-03-12 08:20:03 | INFO    | [ipv6.he.net] [UDP] Sniffing for PTB on 1500 byte probe...
2026-03-12 08:20:06 | INFO    | [ipv6.he.net] [UDP] No PTB seen. Packet likely reached target.
2026-03-12 08:20:07 | INFO    | --- [TCP] Probing ipv6.he.net ---
2026-03-12 08:20:07 | INFO    | [ipv6.he.net] [TCP] Success: MSS 1428, MTU 1500 (Exact: True)
2026-03-12 08:20:08 | INFO    | --- [ICMP] Probing quay.io ---
2026-03-12 08:20:09 | ERROR   | [quay.io] [ICMP] Baseline 1280 dropped.
2026-03-12 08:20:10 | INFO    | --- [UDP] Probing quay.io ---
2026-03-12 08:20:10 | INFO    | [quay.io] [UDP] Sniffing for PTB on 1500 byte probe...
2026-03-12 08:20:12 | INFO    | [quay.io] [UDP] No PTB seen. Packet likely reached target.
2026-03-12 08:20:13 | INFO    | --- [TCP] Probing quay.io ---
2026-03-12 08:20:14 | INFO    | [quay.io] [TCP] Success: MSS 1428, MTU 1500 (Exact: True)
2026-03-12 08:20:15 | INFO    | --- [ICMP] Probing pypi.org ---
2026-03-12 08:20:15 | INFO    | [pypi.org] [ICMP] 1500 byte packet succeeded immediately.
2026-03-12 08:20:16 | INFO    | --- [UDP] Probing pypi.org ---
2026-03-12 08:20:16 | INFO    | [pypi.org] [UDP] Sniffing for PTB on 1500 byte probe...
2026-03-12 08:20:18 | INFO    | [pypi.org] [UDP] No PTB seen. Packet likely reached target.
2026-03-12 08:20:19 | INFO    | --- [TCP] Probing pypi.org ---
2026-03-12 08:20:19 | INFO    | [pypi.org] [TCP] Success: MSS 1408, MTU 1500 (Exact: True)
2026-03-12 08:20:20 | INFO    | --- [ICMP] Probing repo1.maven.org ---
2026-03-12 08:20:20 | INFO    | [repo1.maven.org] [ICMP] 1500 byte packet succeeded immediately.
2026-03-12 08:20:21 | INFO    | --- [UDP] Probing repo1.maven.org ---
2026-03-12 08:20:21 | INFO    | [repo1.maven.org] [UDP] Sniffing for PTB on 1500 byte probe...
2026-03-12 08:20:24 | INFO    | [repo1.maven.org] [UDP] No PTB seen. Packet likely reached target.
2026-03-12 08:20:25 | INFO    | --- [TCP] Probing repo1.maven.org ---
2026-03-12 08:20:25 | INFO    | [repo1.maven.org] [TCP] Success: MSS 1348, MTU 1500 (Exact: True)
2026-03-12 08:20:26 | INFO    | --- [ICMP] Probing proxy.golang.org ---
2026-03-12 08:20:26 | INFO    | [proxy.golang.org] [ICMP] 1500 byte packet succeeded immediately.
2026-03-12 08:20:27 | INFO    | --- [UDP] Probing proxy.golang.org ---
2026-03-12 08:20:27 | INFO    | [proxy.golang.org] [UDP] Sniffing for PTB on 1500 byte probe...
2026-03-12 08:20:29 | INFO    | [proxy.golang.org] [UDP] No PTB seen. Packet likely reached target.
2026-03-12 08:20:30 | INFO    | --- [TCP] Probing proxy.golang.org ---
2026-03-12 08:20:30 | INFO    | [proxy.golang.org] [TCP] Success: MSS 1428, MTU 1500 (Exact: True)
2026-03-12 08:20:31 | INFO    | --- [ICMP] Probing crates.io ---
2026-03-12 08:20:31 | INFO    | [crates.io] [ICMP] 1500 byte packet succeeded immediately.
2026-03-12 08:20:32 | INFO    | --- [UDP] Probing crates.io ---
2026-03-12 08:20:32 | INFO    | [crates.io] [UDP] Sniffing for PTB on 1500 byte probe...
2026-03-12 08:20:35 | INFO    | [crates.io] [UDP] No PTB seen. Packet likely reached target.
2026-03-12 08:20:36 | INFO    | --- [TCP] Probing crates.io ---
2026-03-12 08:20:36 | INFO    | [crates.io] [TCP] Success: MSS 1408, MTU 1500 (Exact: True)
2026-03-12 08:20:37 | INFO    | --- [ICMP] Probing gitlab.com ---
2026-03-12 08:20:37 | INFO    | [gitlab.com] [ICMP] 1500 byte packet succeeded immediately.
2026-03-12 08:20:38 | INFO    | --- [UDP] Probing gitlab.com ---
2026-03-12 08:20:38 | INFO    | [gitlab.com] [UDP] Sniffing for PTB on 1500 byte probe...
2026-03-12 08:20:40 | INFO    | [gitlab.com] [UDP] No PTB seen. Packet likely reached target.
2026-03-12 08:20:41 | INFO    | --- [TCP] Probing gitlab.com ---
2026-03-12 08:20:41 | INFO    | [gitlab.com] [TCP] Success: MSS 1348, MTU 1500 (Exact: True)
2026-03-12 08:20:42 | INFO    | --- [ICMP] Probing www.youtube.com ---
2026-03-12 08:20:42 | INFO    | [www.youtube.com] [ICMP] 1500 byte packet succeeded immediately.
2026-03-12 08:20:43 | INFO    | --- [UDP] Probing www.youtube.com ---
2026-03-12 08:20:43 | INFO    | [www.youtube.com] [UDP] Sniffing for PTB on 1500 byte probe...
2026-03-12 08:20:46 | INFO    | [www.youtube.com] [UDP] No PTB seen. Packet likely reached target.
2026-03-12 08:20:47 | INFO    | --- [TCP] Probing www.youtube.com ---
2026-03-12 08:20:47 | INFO    | [www.youtube.com] [TCP] Success: MSS 1428, MTU 1500 (Exact: True)
2026-03-12 08:20:48 | INFO    | --- [ICMP] Probing www.netflix.com ---
2026-03-12 08:20:48 | INFO    | [www.netflix.com] [ICMP] 1500 byte packet succeeded immediately.
2026-03-12 08:20:49 | INFO    | --- [UDP] Probing www.netflix.com ---
2026-03-12 08:20:49 | INFO    | [www.netflix.com] [UDP] Sniffing for PTB on 1500 byte probe...
2026-03-12 08:20:52 | INFO    | [www.netflix.com] [UDP] No PTB seen. Packet likely reached target.
2026-03-12 08:20:53 | INFO    | --- [TCP] Probing www.netflix.com ---
2026-03-12 08:20:53 | INFO    | [www.netflix.com] [TCP] Success: MSS 1428, MTU 1500 (Exact: True)
2026-03-12 08:20:54 | INFO    | --- [ICMP] Probing www.wikipedia.org ---
2026-03-12 08:20:54 | INFO    | [www.wikipedia.org] [ICMP] 1500 byte packet succeeded immediately.
2026-03-12 08:20:55 | INFO    | --- [UDP] Probing www.wikipedia.org ---
2026-03-12 08:20:55 | INFO    | [www.wikipedia.org] [UDP] Sniffing for PTB on 1500 byte probe...
2026-03-12 08:20:57 | INFO    | [www.wikipedia.org] [UDP] No PTB seen. Packet likely reached target.
2026-03-12 08:20:58 | INFO    | --- [TCP] Probing www.wikipedia.org ---
2026-03-12 08:20:58 | INFO    | [www.wikipedia.org] [TCP] Success: MSS 1388, MTU 1500 (Exact: True)
2026-03-12 08:20:59 | INFO    | --- [ICMP] Probing www.google.com ---
2026-03-12 08:20:59 | INFO    | [www.google.com] [ICMP] 1500 byte packet succeeded immediately.
2026-03-12 08:21:00 | INFO    | --- [UDP] Probing www.google.com ---
2026-03-12 08:21:00 | INFO    | [www.google.com] [UDP] Sniffing for PTB on 1500 byte probe...
2026-03-12 08:21:03 | INFO    | [www.google.com] [UDP] No PTB seen. Packet likely reached target.
2026-03-12 08:21:04 | INFO    | --- [TCP] Probing www.google.com ---
2026-03-12 08:21:04 | INFO    | [www.google.com] [TCP] Success: MSS 1428, MTU 1500 (Exact: True)
2026-03-12 08:21:05 | INFO    | --- [ICMP] Probing cloudflare.com ---
2026-03-12 08:21:05 | INFO    | [cloudflare.com] [ICMP] 1500 byte packet succeeded immediately.
2026-03-12 08:21:06 | INFO    | --- [UDP] Probing cloudflare.com ---
2026-03-12 08:21:06 | INFO    | [cloudflare.com] [UDP] Sniffing for PTB on 1500 byte probe...
2026-03-12 08:21:08 | INFO    | [cloudflare.com] [UDP] No PTB seen. Packet likely reached target.
2026-03-12 08:21:09 | INFO    | --- [TCP] Probing cloudflare.com ---
2026-03-12 08:21:09 | INFO    | [cloudflare.com] [TCP] Success: MSS 1348, MTU 1500 (Exact: True)
2026-03-12 08:21:10 | INFO    | --- [ICMP] Probing www.apple.com ---
2026-03-12 08:21:11 | INFO    | [www.apple.com] [ICMP] 1500 byte packet succeeded immediately.
2026-03-12 08:21:12 | INFO    | --- [UDP] Probing www.apple.com ---
2026-03-12 08:21:12 | INFO    | [www.apple.com] [UDP] Sniffing for PTB on 1500 byte probe...
2026-03-12 08:21:14 | INFO    | [www.apple.com] [UDP] No PTB seen. Packet likely reached target.
2026-03-12 08:21:15 | INFO    | --- [TCP] Probing www.apple.com ---
2026-03-12 08:21:15 | INFO    | [www.apple.com] [TCP] Success: MSS 1428, MTU 1500 (Exact: True)
2026-03-12 08:21:16 | INFO    | Telemetry successfully appended to mtu_history_v9.json
